c:\proyectofinal_algoritmos\mathugt\x64\debug\vc143.pdb
c:\proyectofinal_algoritmos\mathugt\x64\debug\.netframework,version=v4.8.assemblyattributes.obj
c:\proyectofinal_algoritmos\mathugt\x64\debug\suma4.obj
c:\proyectofinal_algoritmos\mathugt\x64\debug\suma3.obj
c:\proyectofinal_algoritmos\mathugt\x64\debug\suma2.obj
c:\proyectofinal_algoritmos\mathugt\x64\debug\suma.obj
c:\proyectofinal_algoritmos\mathugt\x64\debug\resultados.obj
c:\proyectofinal_algoritmos\mathugt\x64\debug\programadoresh.obj
c:\proyectofinal_algoritmos\mathugt\x64\debug\pres.obj
c:\proyectofinal_algoritmos\mathugt\x64\debug\menú.obj
c:\proyectofinal_algoritmos\mathugt\x64\debug\evg.obj
c:\proyectofinal_algoritmos\mathugt\x64\debug\login.obj
c:\proyectofinal_algoritmos\mathugt\x64\debug\mathugt.exe
c:\proyectofinal_algoritmos\mathugt\x64\debug\mathugt.pdb
c:\proyectofinal_algoritmos\mathugt\x64\debug\mathugt.tlog\metagen.write.1.tlog
c:\proyectofinal_algoritmos\mathugt\x64\debug\mathugt.exe.metagen
c:\proyectofinal_algoritmos\mathugt\x64\debug\mathugt.tlog\cl.command.1.tlog
c:\proyectofinal_algoritmos\mathugt\x64\debug\mathugt.tlog\cl.read.1.tlog
c:\proyectofinal_algoritmos\mathugt\x64\debug\mathugt.tlog\cl.write.1.tlog
c:\proyectofinal_algoritmos\mathugt\x64\debug\mathugt.tlog\link.command.1.tlog
c:\proyectofinal_algoritmos\mathugt\x64\debug\mathugt.tlog\link.read.1.tlog
c:\proyectofinal_algoritmos\mathugt\x64\debug\mathugt.tlog\link.write.1.tlog
c:\proyectofinal_algoritmos\mathugt\x64\debug\mathugt.tlog\metagen.read.1.tlog
c:\proyectofinal_algoritmos\mathugt\x64\debug\mathugt.tlog\resgen.command.1.tlog
c:\proyectofinal_algoritmos\mathugt\x64\debug\mathugt.tlog\resgen.read.1.tlog
c:\proyectofinal_algoritmos\mathugt\x64\debug\mathugt.tlog\resgen.write.1.tlog
c:\proyectofinal_algoritmos\mathugt\x64\debug\mathugt.tlog\axinterop.wmplib.1.0.dll.metagen
c:\proyectofinal_algoritmos\mathugt\x64\debug\mathugt.tlog\interop.wmplib.1.0.dll.metagen
